#
# A fatal error has been detected by the Java Runtime Environment:
#
#  SIGSEGV (0xb) at pc=0x000000010b98d51f, pid=3343, tid=0x0000000000005f03
#
# JRE version: Java(TM) SE Runtime Environment (8.0_181-b13) (build 1.8.0_181-b13)
# Java VM: Java HotSpot(TM) 64-Bit Server VM (25.181-b13 mixed mode bsd-amd64 compressed oops)
# Problematic frame:
# J 15992 C2 java.io.File.<init>(Ljava/lang/String;)V (47 bytes) @ 0x000000010b98d51f [0x000000010b98d4e0+0x3f]
#
# Failed to write core dump. Core dumps have been disabled. To enable core dumping, try "ulimit -c unlimited" before starting Java again
#
# If you would like to submit a bug report, please visit:
#   http://bugreport.java.com/bugreport/crash.jsp
#

---------------  T H R E A D  ---------------

Current thread (0x00007fbf794c8800):  JavaThread "FSEvent thread" daemon [_thread_in_Java, id=24323, stack(0x000070000d7e8000,0x000070000dbe8000)]

siginfo: si_signo: 11 (SIGSEGV), si_code: 1 (SEGV_MAPERR), si_addr: 0x0000000771516084

Registers:
RAX=0x00000007b2ef5ef8, RBX=0x00000007b2ef5dd8, RCX=0x0000000771516078, RDX=0x0000000771516078
RSP=0x000070000dbe1120, RBP=0x000070000dbe1258, RSI=0x00000007b2ef5ef8, RDI=0x000000011ba08b38
R8 =0x0000000780157800, R9 =0x000070000dbe15d8, R10=0x0000000109afb6b0, R11=0x000000010d3af760
R12=0x0000000000000000, R13=0x00000007b2ef5ef8, R14=0x000070000dbe12c0, R15=0x00007fbf794c8800
RIP=0x000000010b98d51f, EFLAGS=0x0000000000010206, ERR=0x0000000000000004
  TRAPNO=0x000000000000000e

Top of Stack: (sp=0x000070000dbe1120)
0x000070000dbe1120:   00000007b2ef5db8 000070000dbe1128
0x000070000dbe1130:   000000011b9fd601 000070000dbe11d0
0x000070000dbe1140:   000000011b9fe028 0000000000000000
0x000070000dbe1150:   000000011b9fd7c0 000000010b0c57d9
0x000070000dbe1160:   000070000dbe1258 000000010d3af86c
0x000070000dbe1170:   000000010afba2bd 0000000000000000
0x000070000dbe1180:   000070000dbe11f0 000000010afba2bd
0x000070000dbe1190:   000000010afba2bd 00000007b2ef5ec8
0x000070000dbe11a0:   00000007b2ef5ec8 00000007b2ef5e08
0x000070000dbe11b0:   000070000dbe1258 00000007b2ef5dd8
0x000070000dbe11c0:   00000007806fac08 00000007b2ef5ef8
0x000070000dbe11d0:   00000007b2ef5e08 000000011ba05820
0x000070000dbe11e0:   000070000dbe1258 000000010afba2bd
0x000070000dbe11f0:   000070000dbe1258 000000010afba2bd
0x000070000dbe1200:   00000007b2ef5e08 00000007b2ef5dd8
0x000070000dbe1210:   00000007806fac08 000070000dbe1218
0x000070000dbe1220:   000000011b9fd369 000070000dbe12c0
0x000070000dbe1230:   000000011b9fe028 0000000000000000
0x000070000dbe1240:   000000011b9fd7c0 000070000dbe1200
0x000070000dbe1250:   000070000dbe12b8 000070000dbe1308
0x000070000dbe1260:   000000010afba2bd 0000000000000000
0x000070000dbe1270:   0000000000000000 0000000000000000
0x000070000dbe1280:   0000000000000000 0000000000000000
0x000070000dbe1290:   0000000000000000 0000000000000000
0x000070000dbe12a0:   00000007b2ef5dd8 00000007b2ef5e08
0x000070000dbe12b0:   00000007806fac08 0000000000000002
0x000070000dbe12c0:   00000007806fab68 000070000dbe12c8
0x000070000dbe12d0:   000000011b9fecbd 000070000dbe1320
0x000070000dbe12e0:   000000011b9fed70 0000000000000000
0x000070000dbe12f0:   000000011b9fece8 000070000dbe12b8
0x000070000dbe1300:   000070000dbe1318 000070000dbe1368
0x000070000dbe1310:   000000010afba302 0000000000000002 

Instructions: (pc=0x000000010b98d51f)
0x000000010b98d4ff:   90 89 84 24 00 c0 fe ff 55 48 83 ec 40 4c 8b ee
0x000000010b98d50f:   44 89 66 14 48 8b ca 48 85 d2 0f 84 f5 02 00 00
0x000000010b98d51f:   44 8b 42 0c 45 85 c0 0f 84 c8 02 00 00 47 8b 4c
0x000000010b98d52f:   c4 0c 45 85 c9 0f 8e 39 02 00 00 45 85 c9 0f 86 

Register to memory mapping:

RAX=0x00000007b2ef5ef8 is an oop
java.io.File 
 - klass: 'java/io/File'
RBX=0x00000007b2ef5dd8 is an oop
net.contentobjects.jnotify.macosx.JNotifyAdapterMacOSX$ScanJob 
 - klass: 'net/contentobjects/jnotify/macosx/JNotifyAdapterMacOSX$ScanJob'
RCX=0x0000000771516078 is an unknown value
RDX=0x0000000771516078 is an unknown value
RSP=0x000070000dbe1120 is pointing into the stack for thread: 0x00007fbf794c8800
RBP=0x000070000dbe1258 is pointing into the stack for thread: 0x00007fbf794c8800
RSI=0x00000007b2ef5ef8 is an oop
java.io.File 
 - klass: 'java/io/File'
RDI=0x000000011ba08b38 is pointing into metadata
R8 =0x0000000780157800 is an oop
java.lang.Integer 
 - klass: 'java/lang/Integer'
R9 =0x000070000dbe15d8 is pointing into the stack for thread: 0x00007fbf794c8800
R10=0x0000000109afb6b0: _ZN19TemplateInterpreter20_invoke_return_entryE+0 in /Library/Java/JavaVirtualMachines/jdk1.8.0_181.jdk/Contents/Home/jre/lib/server/libjvm.dylib at 0x0000000109200000
R11=0x000000010d3af760 is at entry_point+0 in (nmethod*)0x000000010d3af5d0
R12=0x0000000000000000 is an unknown value
R13=0x00000007b2ef5ef8 is an oop
java.io.File 
 - klass: 'java/io/File'
R14=0x000070000dbe12c0 is pointing into the stack for thread: 0x00007fbf794c8800
R15=0x00007fbf794c8800 is a thread


Stack: [0x000070000d7e8000,0x000070000dbe8000],  sp=0x000070000dbe1120,  free space=4068k
Native frames: (J=compiled Java code, j=interpreted, Vv=VM code, C=native code)
J 15992 C2 java.io.File.<init>(Ljava/lang/String;)V (47 bytes) @ 0x000000010b98d51f [0x000000010b98d4e0+0x3f]
J 15986 C1 net.contentobjects.jnotify.macosx.JNotifyAdapterMacOSX$WatchData.access$000(Lnet/contentobjects/jnotify/macosx/JNotifyAdapterMacOSX$WatchData;Lnet/contentobjects/jnotify/macosx/JNotifyAdapterMacOSX$ScanJob;Lnet/contentobjects/jnotify/macosx/JNotifyAdapterMacOSX$JNEvents;)V (7 bytes) @ 0x000000010d3af86c [0x000000010d3af760+0x10c]
j  net.contentobjects.jnotify.macosx.JNotifyAdapterMacOSX.batchEndEvent(I)V+73
j  net.contentobjects.jnotify.macosx.JNotifyAdapterMacOSX$1.batchEnd(I)V+5
j  net.contentobjects.jnotify.macosx.JNotify_macosx.callbackInBatch(IZ)V+26
v  ~StubRoutines::call_stub
V  [libjvm.dylib+0x2efcba]  JavaCalls::call_helper(JavaValue*, methodHandle*, JavaCallArguments*, Thread*)+0x6ae
V  [libjvm.dylib+0x326ff8]  jni_invoke_nonstatic(JNIEnv_*, JavaValue*, _jobject*, JNICallType, _jmethodID*, JNI_ArgumentPusher*, Thread*)+0x2ec
V  [libjvm.dylib+0x3197db]  jni_CallVoidMethod+0x16b
C  [libjnotify.jnilib+0x1585]  fsevent_callback+0x115
C  [FSEvents+0x298a]  implementation_callback_rpc+0xb6e
C  [FSEvents+0x1d9d]  _Xcallback_rpc+0xe9
C  [FSEvents+0x1c97]  FSEventsD2F_server+0x37
C  [FSEvents+0x4939]  FSEventsClientProcessMessageCallback+0x2e
C  [CoreFoundation+0xb3a55]  __CFMachPortPerform+0xfa
C  [CoreFoundation+0x850bf]  __CFRUNLOOP_IS_CALLING_OUT_TO_A_SOURCE1_PERFORM_FUNCTION__+0x29
C  [CoreFoundation+0x8500f]  __CFRunLoopDoSource1+0x21d
C  [CoreFoundation+0x83c7c]  __CFRunLoopRun+0xa34
C  [CoreFoundation+0x82bd3]  CFRunLoopRunSpecific+0x1f3
C  [CoreFoundation+0x10b19a]  CFRunLoopRun+0x28
j  net.contentobjects.jnotify.macosx.JNotify_macosx.nativeNotifyLoop()V+0
j  net.contentobjects.jnotify.macosx.JNotify_macosx.access$400()V+0
j  net.contentobjects.jnotify.macosx.JNotify_macosx$1.run()V+65
v  ~StubRoutines::call_stub
V  [libjvm.dylib+0x2efcba]  JavaCalls::call_helper(JavaValue*, methodHandle*, JavaCallArguments*, Thread*)+0x6ae
V  [libjvm.dylib+0x2f045e]  JavaCalls::call_virtual(JavaValue*, KlassHandle, Symbol*, Symbol*, JavaCallArguments*, Thread*)+0x164
V  [libjvm.dylib+0x2f060a]  JavaCalls::call_virtual(JavaValue*, Handle, KlassHandle, Symbol*, Symbol*, Thread*)+0x4a
V  [libjvm.dylib+0x34aef9]  thread_entry(JavaThread*, Thread*)+0x7c
V  [libjvm.dylib+0x56fa7f]  JavaThread::thread_main_inner()+0x9b
V  [libjvm.dylib+0x57117a]  JavaThread::run()+0x1c2
V  [libjvm.dylib+0x48e342]  java_start(Thread*)+0xf6
C  [libsystem_pthread.dylib+0x5e65]  _pthread_start+0x94
C  [libsystem_pthread.dylib+0x183b]  thread_start+0xf
C  0x0000000000000000


---------------  P R O C E S S  ---------------

Java Threads: ( => current thread )
  0x00007fbf77cc2000 JavaThread "netty-event-loop-2" [_thread_in_native, id=37635, stack(0x000070000ebf7000,0x000070000eff7000)]
  0x00007fbf75054000 JavaThread "play-dev-mode-akka.actor.default-dispatcher-2" [_thread_blocked, id=26883, stack(0x000070000dfee000,0x000070000e3ee000)]
  0x00007fbf74d96800 JavaThread "play-dev-mode-scheduler-1" [_thread_blocked, id=26371, stack(0x000070000dbeb000,0x000070000dfeb000)]
=>0x00007fbf794c8800 JavaThread "FSEvent thread" daemon [_thread_in_Java, id=24323, stack(0x000070000d7e8000,0x000070000dbe8000)]
  0x00007fbf798f8000 JavaThread "pool-8-thread-1" [_thread_in_native, id=41503, stack(0x000070000bbd3000,0x000070000bfd3000)]
  0x00007fbf73ff7000 JavaThread "sbt-web-akka.actor.default-dispatcher-4" [_thread_blocked, id=40979, stack(0x000070000b7d0000,0x000070000bbd0000)]
  0x00007fbf77ef7800 JavaThread "sbt-web-scheduler-1" [_thread_blocked, id=42519, stack(0x000070000abc7000,0x000070000afc7000)]
  0x00007fbf7181b800 JavaThread "Service Thread" daemon [_thread_blocked, id=15619, stack(0x000070000a696000,0x000070000aa96000)]
  0x00007fbf7382e800 JavaThread "C1 CompilerThread3" daemon [_thread_blocked, id=15875, stack(0x000070000a593000,0x000070000a693000)]
  0x00007fbf71805800 JavaThread "C2 CompilerThread2" daemon [_thread_blocked, id=16131, stack(0x000070000a490000,0x000070000a590000)]
  0x00007fbf7382d800 JavaThread "C2 CompilerThread1" daemon [_thread_blocked, id=14083, stack(0x000070000a38d000,0x000070000a48d000)]
  0x00007fbf7382b800 JavaThread "C2 CompilerThread0" daemon [_thread_blocked, id=16643, stack(0x000070000a28a000,0x000070000a38a000)]
  0x00007fbf7382b000 JavaThread "Signal Dispatcher" daemon [_thread_blocked, id=17155, stack(0x0000700009e87000,0x000070000a287000)]
  0x00007fbf74806000 JavaThread "Finalizer" daemon [_thread_blocked, id=19715, stack(0x000070000997e000,0x0000700009d7e000)]
  0x00007fbf74805800 JavaThread "Reference Handler" daemon [_thread_blocked, id=20227, stack(0x000070000957b000,0x000070000997b000)]
  0x00007fbf74000800 JavaThread "main" [_thread_blocked, id=3587, stack(0x000070000885d000,0x0000700008c5d000)]

Other Threads:
  0x00007fbf74803000 VMThread [stack: 0x0000700009478000,0x0000700009578000] [id=12035]
  0x00007fbf71809000 WatcherThread [stack: 0x000070000aa99000,0x000070000ab99000] [id=15107]

VM state:not at safepoint (normal execution)

VM Mutex/Monitor currently owned by a thread: None

Heap:
 PSYoungGen      total 324096K, used 151870K [0x00000007aab00000, 0x00000007c0000000, 0x00000007c0000000)
  eden space 299008K, 45% used [0x00000007aab00000,0x00000007b2f07b00,0x00000007bcf00000)
  from space 25088K, 66% used [0x00000007bcf00000,0x00000007bdf48040,0x00000007be780000)
  to   space 24576K, 0% used [0x00000007be800000,0x00000007be800000,0x00000007c0000000)
 ParOldGen       total 699392K, used 159102K [0x0000000780000000, 0x00000007aab00000, 0x00000007aab00000)
  object space 699392K, 22% used [0x0000000780000000,0x0000000789b5fb80,0x00000007aab00000)
 Metaspace       used 108402K, capacity 109421K, committed 109568K, reserved 1140736K
  class space    used 18654K, capacity 18930K, committed 18944K, reserved 1048576K

Card table byte_map: [0x000000010a3b4000,0x000000010a5b5000] byte_map_base: 0x00000001067b4000

Marking Bits: (ParMarkBitMap*) 0x0000000109af9cd0
 Begin Bits: [0x0000000112fb2000, 0x0000000113fb2000)
 End Bits:   [0x0000000113fb2000, 0x0000000114fb2000)

Polling page: 0x000000010818f000

CodeCache: size=131072Kb used=39970Kb max_used=40005Kb free=91101Kb
 bounds [0x000000010afb2000, 0x000000010d712000, 0x0000000112fb2000]
 total_blobs=14018 nmethods=13458 adapters=468
 compilation: enabled

Compilation events (10 events):
Event: 735.667 Thread 0x00007fbf7382e800 nmethod 16655 0x000000010d6f8d90 code [0x000000010d6f9180, 0x000000010d6fba48]
Event: 735.674 Thread 0x00007fbf7382d800 nmethod 16639 0x000000010d6ffb90 code [0x000000010d6ffe20, 0x000000010d7011f8]
Event: 735.675 Thread 0x00007fbf7382d800 16641       4       com.sun.tools.javac.code.Scope$4$1::next (5 bytes)
Event: 735.677 Thread 0x00007fbf71805800 nmethod 16640 0x000000010d705410 code [0x000000010d7056a0, 0x000000010d706b98]
Event: 735.677 Thread 0x00007fbf7382d800 nmethod 16641 0x000000010b6b3e90 code [0x000000010b6b4000, 0x000000010b6b4298]
Event: 735.678 Thread 0x00007fbf7382b800 nmethod 16638 0x000000010d70b650 code [0x000000010d70b9e0, 0x000000010d70d1b8]
Event: 738.801 Thread 0x00007fbf7382d800 16657       4       sbt.std.TaskExtra$$anonfun$failures$1::isDefinedAt (9 bytes)
Event: 738.802 Thread 0x00007fbf7382d800 nmethod 16657 0x000000010b622710 code [0x000000010b622860, 0x000000010b622958]
Event: 744.231 Thread 0x00007fbf71805800 16658       4       sbt.std.TaskExtra$$anonfun$allM$1::apply (54 bytes)
Event: 744.242 Thread 0x00007fbf71805800 nmethod 16658 0x000000010b6b4b90 code [0x000000010b6b4da0, 0x000000010b6b5368]

GC Heap History (10 events):
Event: 740.596 GC heap before
{Heap before GC invocations=123 (full 4):
 PSYoungGen      total 324608K, used 317839K [0x00000007aab00000, 0x00000007c0000000, 0x00000007c0000000)
  eden space 300032K, 100% used [0x00000007aab00000,0x00000007bd000000,0x00000007bd000000)
  from space 24576K, 72% used [0x00000007be800000,0x00000007bf963ed0,0x00000007c0000000)
  to   space 24576K, 0% used [0x00000007bd000000,0x00000007bd000000,0x00000007be800000)
 ParOldGen       total 699392K, used 158910K [0x0000000780000000, 0x00000007aab00000, 0x00000007aab00000)
  object space 699392K, 22% used [0x0000000780000000,0x0000000789b2fb80,0x00000007aab00000)
 Metaspace       used 108402K, capacity 109421K, committed 109568K, reserved 1140736K
  class space    used 18654K, capacity 18930K, committed 18944K, reserved 1048576K
Event: 740.601 GC heap after
Heap after GC invocations=123 (full 4):
 PSYoungGen      total 324608K, used 18459K [0x00000007aab00000, 0x00000007c0000000, 0x00000007c0000000)
  eden space 300032K, 0% used [0x00000007aab00000,0x00000007aab00000,0x00000007bd000000)
  from space 24576K, 75% used [0x00000007bd000000,0x00000007be206e10,0x00000007be800000)
  to   space 24576K, 0% used [0x00000007be800000,0x00000007be800000,0x00000007c0000000)
 ParOldGen       total 699392K, used 158910K [0x0000000780000000, 0x00000007aab00000, 0x00000007aab00000)
  object space 699392K, 22% used [0x0000000780000000,0x0000000789b2fb80,0x00000007aab00000)
 Metaspace       used 108402K, capacity 109421K, committed 109568K, reserved 1140736K
  class space    used 18654K, capacity 18930K, committed 18944K, reserved 1048576K
}
Event: 744.231 GC heap before
{Heap before GC invocations=124 (full 4):
 PSYoungGen      total 324608K, used 318491K [0x00000007aab00000, 0x00000007c0000000, 0x00000007c0000000)
  eden space 300032K, 100% used [0x00000007aab00000,0x00000007bd000000,0x00000007bd000000)
  from space 24576K, 75% used [0x00000007bd000000,0x00000007be206e10,0x00000007be800000)
  to   space 24576K, 0% used [0x00000007be800000,0x00000007be800000,0x00000007c0000000)
 ParOldGen       total 699392K, used 158910K [0x0000000780000000, 0x00000007aab00000, 0x00000007aab00000)
  object space 699392K, 22% used [0x0000000780000000,0x0000000789b2fb80,0x00000007aab00000)
 Metaspace       used 108402K, capacity 109421K, committed 109568K, reserved 1140736K
  class space    used 18654K, capacity 18930K, committed 18944K, reserved 1048576K
Event: 744.234 GC heap after
Heap after GC invocations=124 (full 4):
 PSYoungGen      total 324608K, used 12128K [0x00000007aab00000, 0x00000007c0000000, 0x00000007c0000000)
  eden space 300032K, 0% used [0x00000007aab00000,0x00000007aab00000,0x00000007bd000000)
  from space 24576K, 49% used [0x00000007be800000,0x00000007bf3d8020,0x00000007c0000000)
  to   space 24576K, 0% used [0x00000007bd000000,0x00000007bd000000,0x00000007be800000)
 ParOldGen       total 699392K, used 158910K [0x0000000780000000, 0x00000007aab00000, 0x00000007aab00000)
  object space 699392K, 22% used [0x0000000780000000,0x0000000789b2fb80,0x00000007aab00000)
 Metaspace       used 108402K, capacity 109421K, committed 109568K, reserved 1140736K
  class space    used 18654K, capacity 18930K, committed 18944K, reserved 1048576K
}
Event: 746.430 GC heap before
{Heap before GC invocations=125 (full 4):
 PSYoungGen      total 324608K, used 312160K [0x00000007aab00000, 0x00000007c0000000, 0x00000007c0000000)
  eden space 300032K, 100% used [0x00000007aab00000,0x00000007bd000000,0x00000007bd000000)
  from space 24576K, 49% used [0x00000007be800000,0x00000007bf3d8020,0x00000007c0000000)
  to   space 24576K, 0% used [0x00000007bd000000,0x00000007bd000000,0x00000007be800000)
 ParOldGen       total 699392K, used 158910K [0x0000000780000000, 0x00000007aab00000, 0x00000007aab00000)
  object space 699392K, 22% used [0x0000000780000000,0x0000000789b2fb80,0x00000007aab00000)
 Metaspace       used 108402K, capacity 109421K, committed 109568K, reserved 1140736K
  class space    used 18654K, capacity 18930K, committed 18944K, reserved 1048576K
Event: 746.435 GC heap after
Heap after GC invocations=125 (full 4):
 PSYoungGen      total 324608K, used 18176K [0x00000007aab00000, 0x00000007c0000000, 0x00000007c0000000)
  eden space 300032K, 0% used [0x00000007aab00000,0x00000007aab00000,0x00000007bd000000)
  from space 24576K, 73% used [0x00000007bd000000,0x00000007be1c0030,0x00000007be800000)
  to   space 24576K, 0% used [0x00000007be800000,0x00000007be800000,0x00000007c0000000)
 ParOldGen       total 699392K, used 159070K [0x0000000780000000, 0x00000007aab00000, 0x00000007aab00000)
  object space 699392K, 22% used [0x0000000780000000,0x0000000789b57b80,0x00000007aab00000)
 Metaspace       used 108402K, capacity 109421K, committed 109568K, reserved 1140736K
  class space    used 18654K, capacity 18930K, committed 18944K, reserved 1048576K
}
Event: 749.132 GC heap before
{Heap before GC invocations=126 (full 4):
 PSYoungGen      total 324608K, used 318208K [0x00000007aab00000, 0x00000007c0000000, 0x00000007c0000000)
  eden space 300032K, 100% used [0x00000007aab00000,0x00000007bd000000,0x00000007bd000000)
  from space 24576K, 73% used [0x00000007bd000000,0x00000007be1c0030,0x00000007be800000)
  to   space 24576K, 0% used [0x00000007be800000,0x00000007be800000,0x00000007c0000000)
 ParOldGen       total 699392K, used 159070K [0x0000000780000000, 0x00000007aab00000, 0x00000007aab00000)
  object space 699392K, 22% used [0x0000000780000000,0x0000000789b57b80,0x00000007aab00000)
 Metaspace       used 108402K, capacity 109421K, committed 109568K, reserved 1140736K
  class space    used 18654K, capacity 18930K, committed 18944K, reserved 1048576K
Event: 749.137 GC heap after
Heap after GC invocations=126 (full 4):
 PSYoungGen      total 323584K, used 20137K [0x00000007aab00000, 0x00000007c0000000, 0x00000007c0000000)
  eden space 299008K, 0% used [0x00000007aab00000,0x00000007aab00000,0x00000007bcf00000)
  from space 24576K, 81% used [0x00000007be800000,0x00000007bfbaa530,0x00000007c0000000)
  to   space 25088K, 0% used [0x00000007bcf00000,0x00000007bcf00000,0x00000007be780000)
 ParOldGen       total 699392K, used 159070K [0x0000000780000000, 0x00000007aab00000, 0x00000007aab00000)
  object space 699392K, 22% used [0x0000000780000000,0x0000000789b57b80,0x00000007aab00000)
 Metaspace       used 108402K, capacity 109421K, committed 109568K, reserved 1140736K
  class space    used 18654K, capacity 18930K, committed 18944K, reserved 1048576K
}
Event: 752.145 GC heap before
{Heap before GC invocations=127 (full 4):
 PSYoungGen      total 323584K, used 319145K [0x00000007aab00000, 0x00000007c0000000, 0x00000007c0000000)
  eden space 299008K, 100% used [0x00000007aab00000,0x00000007bcf00000,0x00000007bcf00000)
  from space 24576K, 81% used [0x00000007be800000,0x00000007bfbaa530,0x00000007c0000000)
  to   space 25088K, 0% used [0x00000007bcf00000,0x00000007bcf00000,0x00000007be780000)
 ParOldGen       total 699392K, used 159070K [0x0000000780000000, 0x00000007aab00000, 0x00000007aab00000)
  object space 699392K, 22% used [0x0000000780000000,0x0000000789b57b80,0x00000007aab00000)
 Metaspace       used 108402K, capacity 109421K, committed 109568K, reserved 1140736K
  class space    used 18654K, capacity 18930K, committed 18944K, reserved 1048576K
Event: 752.149 GC heap after
Heap after GC invocations=127 (full 4):
 PSYoungGen      total 324096K, used 16672K [0x00000007aab00000, 0x00000007c0000000, 0x00000007c0000000)
  eden space 299008K, 0% used [0x00000007aab00000,0x00000007aab00000,0x00000007bcf00000)
  from space 25088K, 66% used [0x00000007bcf00000,0x00000007bdf48040,0x00000007be780000)
  to   space 24576K, 0% used [0x00000007be800000,0x00000007be800000,0x00000007c0000000)
 ParOldGen       total 699392K, used 159102K [0x0000000780000000, 0x00000007aab00000, 0x00000007aab00000)
  object space 699392K, 22% used [0x0000000780000000,0x0000000789b5fb80,0x00000007aab00000)
 Metaspace       used 108402K, capacity 109421K, committed 109568K, reserved 1140736K
  class space    used 18654K, capacity 18930K, committed 18944K, reserved 1048576K
}

Deoptimization events (10 events):
Event: 674.095 Thread 0x00007fbf7190b000 Uncommon trap: reason=class_check action=maybe_recompile pc=0x000000010d2a3b84 method=sbt.ErrorHandling$.wideConvert(Lscala/Function0;)Lscala/util/Either; @ 22
Event: 674.095 Thread 0x00007fbf798f8000 Uncommon trap: reason=class_check action=maybe_recompile pc=0x000000010bfe6884 method=sbt.Execute$$anon$2.apply(Ljava/lang/Object;)Lsbt/Result; @ 94
Event: 674.096 Thread 0x00007fbf7190b000 Uncommon trap: reason=class_check action=maybe_recompile pc=0x000000010bb18978 method=sbt.std.TaskExtra$$anonfun$failures$1.isDefinedAt(Ljava/lang/Object;)Z @ 2
Event: 674.096 Thread 0x00007fbf7190b000 Uncommon trap: reason=class_check action=maybe_recompile pc=0x000000010c549afc method=sbt.std.TaskExtra$.failures(Lscala/collection/Seq;)Lscala/collection/Seq; @ 19
Event: 686.562 Thread 0x00007fbf75046000 Uncommon trap: reason=class_check action=maybe_recompile pc=0x000000010d2a3b84 method=sbt.ErrorHandling$.wideConvert(Lscala/Function0;)Lscala/util/Either; @ 22
Event: 686.562 Thread 0x00007fbf75046000 Uncommon trap: reason=class_check action=maybe_recompile pc=0x000000010bb18978 method=sbt.std.TaskExtra$$anonfun$failures$1.isDefinedAt(Ljava/lang/Object;)Z @ 2
Event: 686.562 Thread 0x00007fbf75046000 Uncommon trap: reason=class_check action=maybe_recompile pc=0x000000010c549afc method=sbt.std.TaskExtra$.failures(Lscala/collection/Seq;)Lscala/collection/Seq; @ 19
Event: 735.662 Thread 0x00007fbf794b7000 Uncommon trap: reason=class_check action=maybe_recompile pc=0x000000010d2a3b84 method=sbt.ErrorHandling$.wideConvert(Lscala/Function0;)Lscala/util/Either; @ 22
Event: 735.663 Thread 0x00007fbf794b7000 Uncommon trap: reason=class_check action=maybe_recompile pc=0x000000010bb18978 method=sbt.std.TaskExtra$$anonfun$failures$1.isDefinedAt(Ljava/lang/Object;)Z @ 2
Event: 735.663 Thread 0x00007fbf794b7000 Uncommon trap: reason=class_check action=maybe_recompile pc=0x000000010c549afc method=sbt.std.TaskExtra$.failures(Lscala/collection/Seq;)Lscala/collection/Seq; @ 19

Classes redefined (0 events):
No events

Internal exceptions (10 events):
Event: 735.629 Thread 0x00007fbf794b7000 Exception <a 'java/lang/ArrayIndexOutOfBoundsException'> (0x00000007ad3ed628) thrown at [/Users/java_re/workspace/8-2-build-macosx-x86_64/jdk8u181/11358/hotspot/src/share/vm/runtime/sharedRuntime.cpp, line 605]
Event: 735.631 Thread 0x00007fbf794b7000 Exception <a 'java/lang/ArrayIndexOutOfBoundsException'> (0x00000007ad4d94d0) thrown at [/Users/java_re/workspace/8-2-build-macosx-x86_64/jdk8u181/11358/hotspot/src/share/vm/runtime/sharedRuntime.cpp, line 605]
Event: 735.631 Thread 0x00007fbf794b7000 Exception <a 'java/lang/ArrayIndexOutOfBoundsException'> (0x00000007ad521530) thrown at [/Users/java_re/workspace/8-2-build-macosx-x86_64/jdk8u181/11358/hotspot/src/share/vm/runtime/sharedRuntime.cpp, line 605]
Event: 735.632 Thread 0x00007fbf794b7000 Exception <a 'java/lang/ArrayIndexOutOfBoundsException'> (0x00000007ad569458) thrown at [/Users/java_re/workspace/8-2-build-macosx-x86_64/jdk8u181/11358/hotspot/src/share/vm/runtime/sharedRuntime.cpp, line 605]
Event: 735.633 Thread 0x00007fbf794b7000 Exception <a 'java/lang/ArrayIndexOutOfBoundsException'> (0x00000007ad5b7900) thrown at [/Users/java_re/workspace/8-2-build-macosx-x86_64/jdk8u181/11358/hotspot/src/share/vm/runtime/sharedRuntime.cpp, line 605]
Event: 735.634 Thread 0x00007fbf794b7000 Exception <a 'java/lang/ArrayIndexOutOfBoundsException'> (0x00000007ad5ffb70) thrown at [/Users/java_re/workspace/8-2-build-macosx-x86_64/jdk8u181/11358/hotspot/src/share/vm/runtime/sharedRuntime.cpp, line 605]
Event: 735.635 Thread 0x00007fbf794b7000 Exception <a 'java/lang/ArrayIndexOutOfBoundsException'> (0x00000007ad649f68) thrown at [/Users/java_re/workspace/8-2-build-macosx-x86_64/jdk8u181/11358/hotspot/src/share/vm/runtime/sharedRuntime.cpp, line 605]
Event: 735.635 Thread 0x00007fbf794b7000 Exception <a 'java/lang/ArrayIndexOutOfBoundsException'> (0x00000007ad692b98) thrown at [/Users/java_re/workspace/8-2-build-macosx-x86_64/jdk8u181/11358/hotspot/src/share/vm/runtime/sharedRuntime.cpp, line 605]
Event: 735.636 Thread 0x00007fbf794b7000 Exception <a 'java/lang/ArrayIndexOutOfBoundsException'> (0x00000007ad6dcbb0) thrown at [/Users/java_re/workspace/8-2-build-macosx-x86_64/jdk8u181/11358/hotspot/src/share/vm/runtime/sharedRuntime.cpp, line 605]
Event: 735.637 Thread 0x00007fbf794b7000 Exception <a 'java/lang/ArrayIndexOutOfBoundsException'> (0x00000007ad724d80) thrown at [/Users/java_re/workspace/8-2-build-macosx-x86_64/jdk8u181/11358/hotspot/src/share/vm/runtime/sharedRuntime.cpp, line 605]

Events (10 events):
Event: 751.983 Thread 0x00007fbf75046000 Thread added: 0x00007fbf75046000
Event: 751.983 Thread 0x00007fbf7382f000 Thread added: 0x00007fbf7382f000
Event: 752.145 Executing VM operation: ParallelGCFailedAllocation
Event: 752.149 Executing VM operation: ParallelGCFailedAllocation done
Event: 752.554 Thread 0x00007fbf75046000 Thread exited: 0x00007fbf75046000
Event: 752.554 Thread 0x00007fbf767d0000 Thread exited: 0x00007fbf767d0000
Event: 752.554 Thread 0x00007fbf763be000 Thread exited: 0x00007fbf763be000
Event: 752.554 Thread 0x00007fbf7382f000 Thread exited: 0x00007fbf7382f000
Event: 752.554 Thread 0x00007fbf7683a800 Thread exited: 0x00007fbf7683a800
Event: 752.554 Thread 0x00007fbf7683b800 Thread exited: 0x00007fbf7683b800


Dynamic libraries:
0x00007fff39b2e000 	/System/Library/Frameworks/Cocoa.framework/Versions/A/Cocoa
0x00007fff470fc000 	/System/Library/Frameworks/Security.framework/Versions/A/Security
0x00007fff38ab8000 	/System/Library/Frameworks/ApplicationServices.framework/Versions/A/ApplicationServices
0x00007fff71529000 	/usr/lib/libz.1.dylib
0x00007fff6eff8000 	/usr/lib/libSystem.B.dylib
0x00007fff70e4d000 	/usr/lib/libobjc.A.dylib
0x00007fff3aaa5000 	/System/Library/Frameworks/CoreFoundation.framework/Versions/A/CoreFoundation
0x00007fff3d16a000 	/System/Library/Frameworks/Foundation.framework/Versions/C/Foundation
0x00007fff37cad000 	/System/Library/Frameworks/AppKit.framework/Versions/C/AppKit
0x00007fff3a5b1000 	/System/Library/Frameworks/CoreData.framework/Versions/A/CoreData
0x00007fff6b8a0000 	/System/Library/PrivateFrameworks/UIFoundation.framework/Versions/A/UIFoundation
0x00007fff6607c000 	/System/Library/PrivateFrameworks/RemoteViewServices.framework/Versions/A/RemoteViewServices
0x00007fff6e333000 	/System/Library/PrivateFrameworks/XCTTargetBootstrap.framework/Versions/A/XCTTargetBootstrap
0x00007fff3a994000 	/System/Library/Frameworks/CoreDisplay.framework/Versions/A/CoreDisplay
0x00007fff3fee2000 	/System/Library/Frameworks/Metal.framework/Versions/A/Metal
0x00007fff54482000 	/System/Library/PrivateFrameworks/DesktopServicesPriv.framework/Versions/A/DesktopServicesPriv
0x00007fff7012e000 	/usr/lib/liblangid.dylib
0x00007fff535ce000 	/System/Library/PrivateFrameworks/CoreSVG.framework/Versions/A/CoreSVG
0x00007fff68e43000 	/System/Library/PrivateFrameworks/SkyLight.framework/Versions/A/SkyLight
0x00007fff3af27000 	/System/Library/Frameworks/CoreGraphics.framework/Versions/A/CoreGraphics
0x00007fff3684c000 	/System/Library/Frameworks/Accelerate.framework/Versions/A/Accelerate
0x00007fff7141a000 	/usr/lib/libxml2.2.dylib
0x00007fff5f1a6000 	/System/Library/PrivateFrameworks/IconServices.framework/Versions/A/IconServices
0x00007fff3d94f000 	/System/Library/Frameworks/IOSurface.framework/Versions/A/IOSurface
0x00007fff6eb30000 	/usr/lib/libDiagnosticMessagesClient.dylib
0x00007fff542fb000 	/System/Library/PrivateFrameworks/DFRFoundation.framework/Versions/A/DFRFoundation
0x00007fff6febc000 	/usr/lib/libicucore.A.dylib
0x00007fff38dea000 	/System/Library/Frameworks/AudioToolbox.framework/Versions/A/AudioToolbox
0x00007fff38ecc000 	/System/Library/Frameworks/AudioUnit.framework/Versions/A/AudioUnit
0x00007fff6f1f9000 	/usr/lib/libauto.dylib
0x00007fff5437c000 	/System/Library/PrivateFrameworks/DataDetectorsCore.framework/Versions/A/DataDetectorsCore
0x00007fff3964e000 	/System/Library/Frameworks/Carbon.framework/Versions/A/Frameworks/HIToolbox.framework/Versions/A/HIToolbox
0x00007fff4632d000 	/System/Library/Frameworks/QuartzCore.framework/Versions/A/QuartzCore
0x00007fff3998d000 	/System/Library/Frameworks/Carbon.framework/Versions/A/Frameworks/SpeechRecognition.framework/Versions/A/SpeechRecognition
0x00007fff53c81000 	/System/Library/PrivateFrameworks/CoreUI.framework/Versions/A/CoreUI
0x00007fff3a017000 	/System/Library/Frameworks/CoreAudio.framework/Versions/A/CoreAudio
0x00007fff3ce32000 	/System/Library/Frameworks/DiskArbitration.framework/Versions/A/DiskArbitration
0x00007fff611bb000 	/System/Library/PrivateFrameworks/MultitouchSupport.framework/Versions/A/MultitouchSupport
0x00007fff6fd82000 	/usr/lib/libenergytrace.dylib
0x00007fff3d8aa000 	/System/Library/Frameworks/IOKit.framework/Versions/A/IOKit
0x00007fff3be95000 	/System/Library/Frameworks/CoreServices.framework/Versions/A/CoreServices
0x00007fff632c8000 	/System/Library/PrivateFrameworks/PerformanceAnalysis.framework/Versions/A/PerformanceAnalysis
0x00007fff45363000 	/System/Library/Frameworks/OpenGL.framework/Versions/A/OpenGL
0x00007fff39b3c000 	/System/Library/Frameworks/ColorSync.framework/Versions/A/ColorSync
0x00007fff3b5ae000 	/System/Library/Frameworks/CoreImage.framework/Versions/A/CoreImage
0x00007fff3c90b000 	/System/Library/Frameworks/CoreText.framework/Versions/A/CoreText
0x00007fff3d9d5000 	/System/Library/Frameworks/ImageIO.framework/Versions/A/ImageIO
0x00007fff6f2de000 	/usr/lib/libc++.1.dylib
0x00007fff6f35a000 	/usr/lib/libcompression.dylib
0x00007fff6ee72000 	/usr/lib/libMobileGestalt.dylib
0x00007fff6a982000 	/System/Library/PrivateFrameworks/TextureIO.framework/Versions/A/TextureIO
0x00007fff6f15f000 	/usr/lib/libate.dylib
0x00007fff5f3af000 	/System/Library/PrivateFrameworks/InternationalSupport.framework/Versions/A/InternationalSupport
0x00007fff71f9f000 	/usr/lib/system/libcache.dylib
0x00007fff71fa5000 	/usr/lib/system/libcommonCrypto.dylib
0x00007fff71fb1000 	/usr/lib/system/libcompiler_rt.dylib
0x00007fff71fb9000 	/usr/lib/system/libcopyfile.dylib
0x00007fff71fc3000 	/usr/lib/system/libcorecrypto.dylib
0x00007fff72171000 	/usr/lib/system/libdispatch.dylib
0x00007fff721b3000 	/usr/lib/system/libdyld.dylib
0x00007fff721e9000 	/usr/lib/system/libkeymgr.dylib
0x00007fff721f7000 	/usr/lib/system/liblaunch.dylib
0x00007fff721f8000 	/usr/lib/system/libmacho.dylib
0x00007fff721fe000 	/usr/lib/system/libquarantine.dylib
0x00007fff72201000 	/usr/lib/system/libremovefile.dylib
0x00007fff72203000 	/usr/lib/system/libsystem_asl.dylib
0x00007fff7221b000 	/usr/lib/system/libsystem_blocks.dylib
0x00007fff7221c000 	/usr/lib/system/libsystem_c.dylib
0x00007fff722a4000 	/usr/lib/system/libsystem_configuration.dylib
0x00007fff722a8000 	/usr/lib/system/libsystem_coreservices.dylib
0x00007fff722ac000 	/usr/lib/system/libsystem_darwin.dylib
0x00007fff722b5000 	/usr/lib/system/libsystem_dnssd.dylib
0x00007fff722bd000 	/usr/lib/system/libsystem_featureflags.dylib
0x00007fff722bf000 	/usr/lib/system/libsystem_info.dylib
0x00007fff7233a000 	/usr/lib/system/libsystem_m.dylib
0x00007fff72382000 	/usr/lib/system/libsystem_malloc.dylib
0x00007fff723aa000 	/usr/lib/system/libsystem_networkextension.dylib
0x00007fff723b8000 	/usr/lib/system/libsystem_notify.dylib
0x00007fff723d7000 	/usr/lib/system/libsystem_sandbox.dylib
0x00007fff723dc000 	/usr/lib/system/libsystem_secinit.dylib
0x00007fff7230d000 	/usr/lib/system/libsystem_kernel.dylib
0x00007fff723c2000 	/usr/lib/system/libsystem_platform.dylib
0x00007fff723cc000 	/usr/lib/system/libsystem_pthread.dylib
0x00007fff723df000 	/usr/lib/system/libsystem_symptoms.dylib
0x00007fff723e7000 	/usr/lib/system/libsystem_trace.dylib
0x00007fff723ff000 	/usr/lib/system/libunwind.dylib
0x00007fff72405000 	/usr/lib/system/libxpc.dylib
0x00007fff6f332000 	/usr/lib/libc++abi.dylib
0x00007fff70130000 	/usr/lib/liblzma.5.dylib
0x00007fff6fdaa000 	/usr/lib/libfakelink.dylib
0x00007fff6f0ec000 	/usr/lib/libarchive.2.dylib
0x00007fff4829e000 	/System/Library/Frameworks/SystemConfiguration.framework/Versions/A/SystemConfiguration
0x00007fff6ea61000 	/usr/lib/libCRFSuite.dylib
0x00007fff39242000 	/System/Library/Frameworks/CFNetwork.framework/Versions/A/CFNetwork
0x00007fff6f2c0000 	/usr/lib/libbsm.0.dylib
0x00007fff721ea000 	/usr/lib/system/libkxld.dylib
0x00007fff4ddb2000 	/System/Library/PrivateFrameworks/AppleFSCompression.framework/Versions/A/AppleFSCompression
0x00007fff6f641000 	/usr/lib/libcoretls.dylib
0x00007fff6f658000 	/usr/lib/libcoretls_cfhelpers.dylib
0x00007fff70e91000 	/usr/lib/libpam.2.dylib
0x00007fff70fc4000 	/usr/lib/libsqlite3.dylib
0x00007fff71407000 	/usr/lib/libxar.1.dylib
0x00007fff6f2d1000 	/usr/lib/libbz2.1.0.dylib
0x00007fff6fdcb000 	/usr/lib/libiconv.2.dylib
0x00007fff6f347000 	/usr/lib/libcharset.1.dylib
0x00007fff70938000 	/usr/lib/libnetwork.dylib
0x00007fff70e98000 	/usr/lib/libpcap.A.dylib
0x00007fff6f0a1000 	/usr/lib/libapple_nghttp2.dylib
0x00007fff3c24c000 	/System/Library/Frameworks/CoreServices.framework/Versions/A/Frameworks/FSEvents.framework/Versions/A/FSEvents
0x00007fff3bf1c000 	/System/Library/Frameworks/CoreServices.framework/Versions/A/Frameworks/CarbonCore.framework/Versions/A/CarbonCore
0x00007fff3c48f000 	/System/Library/Frameworks/CoreServices.framework/Versions/A/Frameworks/Metadata.framework/Versions/A/Metadata
0x00007fff3c528000 	/System/Library/Frameworks/CoreServices.framework/Versions/A/Frameworks/OSServices.framework/Versions/A/OSServices
0x00007fff3c556000 	/System/Library/Frameworks/CoreServices.framework/Versions/A/Frameworks/SearchKit.framework/Versions/A/SearchKit
0x00007fff3be96000 	/System/Library/Frameworks/CoreServices.framework/Versions/A/Frameworks/AE.framework/Versions/A/AE
0x00007fff3c255000 	/System/Library/Frameworks/CoreServices.framework/Versions/A/Frameworks/LaunchServices.framework/Versions/A/LaunchServices
0x00007fff3c1fe000 	/System/Library/Frameworks/CoreServices.framework/Versions/A/Frameworks/DictionaryServices.framework/Versions/A/DictionaryServices
0x00007fff3c5be000 	/System/Library/Frameworks/CoreServices.framework/Versions/A/Frameworks/SharedFileList.framework/Versions/A/SharedFileList
0x00007fff411b7000 	/System/Library/Frameworks/NetFS.framework/Versions/A/NetFS
0x00007fff616eb000 	/System/Library/PrivateFrameworks/NetAuth.framework/Versions/A/NetAuth
0x00007fff6e6fe000 	/System/Library/PrivateFrameworks/login.framework/Versions/A/Frameworks/loginsupport.framework/Versions/A/loginsupport
0x00007fff6a47d000 	/System/Library/PrivateFrameworks/TCC.framework/Versions/A/TCC
0x00007fff5299d000 	/System/Library/PrivateFrameworks/CoreNLP.framework/Versions/A/CoreNLP
0x00007fff60beb000 	/System/Library/PrivateFrameworks/MetadataUtilities.framework/Versions/A/MetadataUtilities
0x00007fff70208000 	/usr/lib/libmecabra.dylib
0x00007fff70160000 	/usr/lib/libmecab.dylib
0x00007fff6fdbb000 	/usr/lib/libgermantok.dylib
0x00007fff6f088000 	/usr/lib/libThaiTokenizer.dylib
0x00007fff6ea99000 	/usr/lib/libChineseTokenizer.dylib
0x00007fff36864000 	/System/Library/Frameworks/Accelerate.framework/Versions/A/Frameworks/vImage.framework/Versions/A/vImage
0x00007fff37b07000 	/System/Library/Frameworks/Accelerate.framework/Versions/A/Frameworks/vecLib.framework/Versions/A/vecLib
0x00007fff37a4b000 	/System/Library/Frameworks/Accelerate.framework/Versions/A/Frameworks/vecLib.framework/Versions/A/libvMisc.dylib
0x00007fff37871000 	/System/Library/Frameworks/Accelerate.framework/Versions/A/Frameworks/vecLib.framework/Versions/A/libvDSP.dylib
0x00007fff36ed0000 	/System/Library/Frameworks/Accelerate.framework/Versions/A/Frameworks/vecLib.framework/Versions/A/libBLAS.dylib
0x00007fff3742b000 	/System/Library/Frameworks/Accelerate.framework/Versions/A/Frameworks/vecLib.framework/Versions/A/libLAPACK.dylib
0x00007fff377d1000 	/System/Library/Frameworks/Accelerate.framework/Versions/A/Frameworks/vecLib.framework/Versions/A/libLinearAlgebra.dylib
0x00007fff3785e000 	/System/Library/Frameworks/Accelerate.framework/Versions/A/Frameworks/vecLib.framework/Versions/A/libSparseBLAS.dylib
0x00007fff377e7000 	/System/Library/Frameworks/Accelerate.framework/Versions/A/Frameworks/vecLib.framework/Versions/A/libQuadrature.dylib
0x00007fff3713a000 	/System/Library/Frameworks/Accelerate.framework/Versions/A/Frameworks/vecLib.framework/Versions/A/libBNNS.dylib
0x00007fff377ed000 	/System/Library/Frameworks/Accelerate.framework/Versions/A/Frameworks/vecLib.framework/Versions/A/libSparse.dylib
0x00007fff5f76e000 	/System/Library/PrivateFrameworks/LanguageModeling.framework/Versions/A/LanguageModeling
0x00007fff52339000 	/System/Library/PrivateFrameworks/CoreEmoji.framework/Versions/A/CoreEmoji
0x00007fff5f88c000 	/System/Library/PrivateFrameworks/LinguisticData.framework/Versions/A/LinguisticData
0x00007fff5f83d000 	/System/Library/PrivateFrameworks/Lexicon.framework/Versions/A/Lexicon
0x00007fff6f348000 	/usr/lib/libcmph.dylib
0x00007fff43d89000 	/System/Library/Frameworks/OpenDirectory.framework/Versions/A/Frameworks/CFOpenDirectory.framework/Versions/A/CFOpenDirectory
0x00007fff43da6000 	/System/Library/Frameworks/OpenDirectory.framework/Versions/A/OpenDirectory
0x00007fff4c073000 	/System/Library/PrivateFrameworks/APFS.framework/Versions/A/APFS
0x00007fff4744f000 	/System/Library/Frameworks/SecurityFoundation.framework/Versions/A/SecurityFoundation
0x00007fff71403000 	/usr/lib/libutil.dylib
0x00007fff53626000 	/System/Library/PrivateFrameworks/CoreServicesStore.framework/Versions/A/CoreServicesStore
0x00007fff47507000 	/System/Library/Frameworks/ServiceManagement.framework/Versions/A/ServiceManagement
0x00007fff4f569000 	/System/Library/PrivateFrameworks/BackgroundTaskManagement.framework/Versions/A/BackgroundTaskManagement
0x00007fff71500000 	/usr/lib/libxslt.1.dylib
0x00007fff4e417000 	/System/Library/PrivateFrameworks/AppleSystemInfo.framework/Versions/A/AppleSystemInfo
0x00007fff3dbf2000 	/System/Library/Frameworks/ImageIO.framework/Versions/A/Resources/libJPEG.dylib
0x00007fff3deb1000 	/System/Library/Frameworks/ImageIO.framework/Versions/A/Resources/libTIFF.dylib
0x00007fff3de94000 	/System/Library/Frameworks/ImageIO.framework/Versions/A/Resources/libPng.dylib
0x00007fff3db33000 	/System/Library/Frameworks/ImageIO.framework/Versions/A/Resources/libGIF.dylib
0x00007fff3db37000 	/System/Library/Frameworks/ImageIO.framework/Versions/A/Resources/libJP2.dylib
0x00007fff3deaf000 	/System/Library/Frameworks/ImageIO.framework/Versions/A/Resources/libRadiance.dylib
0x00007fff6fd83000 	/usr/lib/libexpat.1.dylib
0x00007fff4df0d000 	/System/Library/PrivateFrameworks/AppleJPEG.framework/Versions/A/AppleJPEG
0x00007fff568a0000 	/System/Library/PrivateFrameworks/FontServices.framework/libFontParser.dylib
0x00007fff6d755000 	/System/Library/PrivateFrameworks/WatchdogClient.framework/Versions/A/WatchdogClient
0x00007fff5edfb000 	/System/Library/PrivateFrameworks/IOAccelerator.framework/Versions/A/IOAccelerator
0x00007fff40270000 	/System/Library/Frameworks/MetalPerformanceShaders.framework/Versions/A/MetalPerformanceShaders
0x00007fff5b5ee000 	/System/Library/PrivateFrameworks/GPUWrangler.framework/Versions/A/GPUWrangler
0x00007fff5ee06000 	/System/Library/PrivateFrameworks/IOPresentment.framework/Versions/A/IOPresentment
0x00007fff5430e000 	/System/Library/PrivateFrameworks/DSExternalDisplay.framework/Versions/A/DSExternalDisplay
0x00007fff4470f000 	/System/Library/Frameworks/OpenGL.framework/Versions/A/Libraries/libCoreFSCache.dylib
0x00007fff3ffc2000 	/System/Library/Frameworks/MetalPerformanceShaders.framework/Frameworks/MPSCore.framework/Versions/A/MPSCore
0x00007fff3ffff000 	/System/Library/Frameworks/MetalPerformanceShaders.framework/Frameworks/MPSImage.framework/Versions/A/MPSImage
0x00007fff400c1000 	/System/Library/Frameworks/MetalPerformanceShaders.framework/Frameworks/MPSNeuralNetwork.framework/Versions/A/MPSNeuralNetwork
0x00007fff40086000 	/System/Library/Frameworks/MetalPerformanceShaders.framework/Frameworks/MPSMatrix.framework/Versions/A/MPSMatrix
0x00007fff40221000 	/System/Library/Frameworks/MetalPerformanceShaders.framework/Frameworks/MPSRayIntersector.framework/Versions/A/MPSRayIntersector
0x00007fff400ab000 	/System/Library/Frameworks/MetalPerformanceShaders.framework/Frameworks/MPSNDArray.framework/Versions/A/MPSNDArray
0x00007fff60c38000 	/System/Library/PrivateFrameworks/MetalTools.framework/Versions/A/MetalTools
0x00007fff4d238000 	/System/Library/PrivateFrameworks/AggregateDictionary.framework/Versions/A/AggregateDictionary
0x00007fff51dc3000 	/System/Library/PrivateFrameworks/CoreAnalytics.framework/Versions/A/CoreAnalytics
0x00007fff4e335000 	/System/Library/PrivateFrameworks/AppleSauce.framework/Versions/A/AppleSauce
0x00007fff6ed55000 	/usr/lib/libIOReport.dylib
0x00007fff3cac0000 	/System/Library/Frameworks/CoreVideo.framework/Versions/A/CoreVideo
0x00007fff5ca5c000 	/System/Library/PrivateFrameworks/GraphVisualizer.framework/Versions/A/GraphVisualizer
0x00007fff55e21000 	/System/Library/PrivateFrameworks/FaceCore.framework/Versions/A/FaceCore
0x00007fff43d30000 	/System/Library/Frameworks/OpenCL.framework/Versions/A/OpenCL
0x00007fff6eb77000 	/usr/lib/libFosl_dynamic.dylib
0x00007fff620e6000 	/System/Library/PrivateFrameworks/OTSVG.framework/Versions/A/OTSVG
0x00007fff38bbd000 	/System/Library/Frameworks/ApplicationServices.framework/Versions/A/Frameworks/ATS.framework/Versions/A/Resources/libFontRegistry.dylib
0x00007fff56a71000 	/System/Library/PrivateFrameworks/FontServices.framework/libhvf.dylib
0x00007fff4471a000 	/System/Library/Frameworks/OpenGL.framework/Versions/A/Libraries/libGFXShared.dylib
0x00007fff448f7000 	/System/Library/Frameworks/OpenGL.framework/Versions/A/Libraries/libGLU.dylib
0x00007fff44723000 	/System/Library/Frameworks/OpenGL.framework/Versions/A/Libraries/libGL.dylib
0x00007fff4472e000 	/System/Library/Frameworks/OpenGL.framework/Versions/A/Libraries/libGLImage.dylib
0x00007fff4470c000 	/System/Library/Frameworks/OpenGL.framework/Versions/A/Libraries/libCVMSPluginSupport.dylib
0x00007fff44715000 	/System/Library/Frameworks/OpenGL.framework/Versions/A/Libraries/libCoreVMClient.dylib
0x00007fff707da000 	/usr/lib/libncurses.5.4.dylib
0x00007fff38ab9000 	/System/Library/Frameworks/ApplicationServices.framework/Versions/A/Frameworks/ATS.framework/Versions/A/ATS
0x00007fff38c86000 	/System/Library/Frameworks/ApplicationServices.framework/Versions/A/Frameworks/ColorSyncLegacy.framework/Versions/A/ColorSyncLegacy
0x00007fff38d25000 	/System/Library/Frameworks/ApplicationServices.framework/Versions/A/Frameworks/HIServices.framework/Versions/A/HIServices
0x00007fff38d7c000 	/System/Library/Frameworks/ApplicationServices.framework/Versions/A/Frameworks/LangAnalysis.framework/Versions/A/LangAnalysis
0x00007fff38d8b000 	/System/Library/Frameworks/ApplicationServices.framework/Versions/A/Frameworks/PrintCore.framework/Versions/A/PrintCore
0x00007fff38dd1000 	/System/Library/Frameworks/ApplicationServices.framework/Versions/A/Frameworks/QD.framework/Versions/A/QD
0x00007fff38ddc000 	/System/Library/Frameworks/ApplicationServices.framework/Versions/A/Frameworks/SpeechSynthesis.framework/Versions/A/SpeechSynthesis
0x00007fff38c56000 	/System/Library/Frameworks/ApplicationServices.framework/Versions/A/Frameworks/ATSUI.framework/Versions/A/ATSUI
0x00007fff6fc17000 	/usr/lib/libcups.2.dylib
0x00007fff3f31f000 	/System/Library/Frameworks/Kerberos.framework/Versions/A/Kerberos
0x00007fff3d59f000 	/System/Library/Frameworks/GSS.framework/Versions/A/GSS
0x00007fff70f50000 	/usr/lib/libresolv.9.dylib
0x00007fff5cbfd000 	/System/Library/PrivateFrameworks/Heimdal.framework/Versions/A/Heimdal
0x00007fff3f332000 	/System/Library/Frameworks/Kerberos.framework/Versions/A/Libraries/libHeimdalProxy.dylib
0x00007fff6fdc1000 	/usr/lib/libheimdal-asn1.dylib
0x00007fff51269000 	/System/Library/PrivateFrameworks/CommonAuth.framework/Versions/A/CommonAuth
0x00007fff4e4b4000 	/System/Library/PrivateFrameworks/AssertionServices.framework/Versions/A/AssertionServices
0x00007fff4f057000 	/System/Library/PrivateFrameworks/AudioToolboxCore.framework/Versions/A/AudioToolboxCore
0x00007fff6e3af000 	/System/Library/PrivateFrameworks/caulk.framework/Versions/A/caulk
0x00007fff4f615000 	/System/Library/PrivateFrameworks/BaseBoard.framework/Versions/A/BaseBoard
0x00007fff6620b000 	/System/Library/PrivateFrameworks/RunningBoardServices.framework/Versions/A/RunningBoardServices
0x00007fff632d4000 	/System/Library/PrivateFrameworks/PersistentConnection.framework/Versions/A/PersistentConnection
0x00007fff65c5a000 	/System/Library/PrivateFrameworks/ProtocolBuffer.framework/Versions/A/ProtocolBuffer
0x00007fff5128e000 	/System/Library/PrivateFrameworks/CommonUtilities.framework/Versions/A/CommonUtilities
0x00007fff4f798000 	/System/Library/PrivateFrameworks/Bom.framework/Versions/A/Bom
0x00007fff6ea24000 	/usr/lib/libAudioToolboxUtility.dylib
0x00007fff4f573000 	/System/Library/PrivateFrameworks/Backup.framework/Versions/A/Backup
0x00007fff5407e000 	/System/Library/PrivateFrameworks/CrashReporterSupport.framework/Versions/A/CrashReporterSupport
0x00007fff67d07000 	/System/Library/PrivateFrameworks/Sharing.framework/Versions/A/Sharing
0x00007fff4dc58000 	/System/Library/PrivateFrameworks/Apple80211.framework/Versions/A/Apple80211
0x00007fff4f295000 	/System/Library/PrivateFrameworks/AuthKit.framework/Versions/A/AuthKit
0x00007fff53dae000 	/System/Library/PrivateFrameworks/CoreUtils.framework/Versions/A/CoreUtils
0x00007fff3cb05000 	/System/Library/Frameworks/CoreWLAN.framework/Versions/A/CoreWLAN
0x00007fff3d72b000 	/System/Library/Frameworks/IOBluetooth.framework/Versions/A/IOBluetooth
0x00007fff60f36000 	/System/Library/PrivateFrameworks/MobileKeyBag.framework/Versions/A/MobileKeyBag
0x00007fff52e79000 	/System/Library/PrivateFrameworks/CorePhoneNumbers.framework/Versions/A/CorePhoneNumbers
0x00007fff4dec0000 	/System/Library/PrivateFrameworks/AppleIDAuthSupport.framework/Versions/A/AppleIDAuthSupport
0x00007fff411c4000 	/System/Library/Frameworks/Network.framework/Versions/A/Network
0x00007fff5f5f6000 	/System/Library/PrivateFrameworks/KeychainCircle.framework/Versions/A/KeychainCircle
0x00007fff3a579000 	/System/Library/Frameworks/CoreBluetooth.framework/Versions/A/CoreBluetooth
0x00007fff69983000 	/System/Library/PrivateFrameworks/SpeechRecognitionCore.framework/Versions/A/SpeechRecognitionCore
0x00007fff2f0b8000 	/System/Library/CoreServices/Encodings/libJapaneseConverter.dylib
0x0000000109200000 	/Library/Java/JavaVirtualMachines/jdk1.8.0_181.jdk/Contents/Home/jre/lib/server/libjvm.dylib
0x00007fff712d5000 	/usr/lib/libstdc++.6.dylib
0x000000010814b000 	/Library/Java/JavaVirtualMachines/jdk1.8.0_181.jdk/Contents/Home/jre/lib/libverify.dylib
0x0000000108159000 	/Library/Java/JavaVirtualMachines/jdk1.8.0_181.jdk/Contents/Home/jre/lib/libjava.dylib
0x00000001081d9000 	/Library/Java/JavaVirtualMachines/jdk1.8.0_181.jdk/Contents/Home/jre/lib/libzip.dylib
0x0000000118d1b000 	/Library/Java/JavaVirtualMachines/jdk1.8.0_181.jdk/Contents/Home/jre/lib/libnet.dylib
0x0000000118d7a000 	/Library/Java/JavaVirtualMachines/jdk1.8.0_181.jdk/Contents/Home/jre/lib/libnio.dylib
0x0000000119b2d000 	/Library/Java/JavaVirtualMachines/jdk1.8.0_181.jdk/Contents/Home/jre/lib/libmanagement.dylib
0x0000000119183000 	/Users/ishidzukyousuke/Documents/elastic_generator/target/native_libraries/64bits/libjnotify.jnilib

VM Arguments:
jvm_args: -Dfile.encoding=UTF-8 -Xms1024m -Xmx1024m -Xss4M -XX:ReservedCodeCacheSize=128m 
java_command: /usr/local/Cellar/sbt/1.3.8/libexec/bin/sbt-launch.jar
java_class_path (initial): /usr/local/Cellar/sbt/1.3.8/libexec/bin/sbt-launch.jar
Launcher Type: SUN_STANDARD

Environment Variables:
JAVA_HOME=/Library/Java/JavaVirtualMachines/jdk1.8.0_181.jdk/Contents/Home
PATH=/Users/ishidzukyousuke/.nodebrew/current/bin:/Users/ishidzukyousuke/Documents/spark-2.2.0-bin-hadoop2.7/bin:/Users/ishidzukyousuke/go/bin:/Users/ishidzukyousuke/Documents/flutter/bin:/usr/local/bin:/usr/bin:/bin:/usr/sbin:/sbin:/usr/local/share/dotnet:~/.dotnet/tools:/Library/Frameworks/Mono.framework/Versions/Current/Commands
SHELL=/usr/local/bin/zsh

Signal Handlers:
SIGSEGV: [libjvm.dylib+0x5b6029], sa_mask[0]=11111111011111110111111111111111, sa_flags=SA_ONSTACK|SA_RESTART|SA_SIGINFO
SIGBUS: [libjvm.dylib+0x5b6029], sa_mask[0]=11111111011111110111111111111111, sa_flags=SA_RESTART|SA_SIGINFO
SIGFPE: [libjvm.dylib+0x48b934], sa_mask[0]=11111111011111110111111111111111, sa_flags=SA_RESTART|SA_SIGINFO
SIGPIPE: [libjvm.dylib+0x48b934], sa_mask[0]=11111111011111110111111111111111, sa_flags=SA_RESTART|SA_SIGINFO
SIGXFSZ: [libjvm.dylib+0x48b934], sa_mask[0]=11111111011111110111111111111111, sa_flags=SA_RESTART|SA_SIGINFO
SIGILL: [libjvm.dylib+0x48b934], sa_mask[0]=11111111011111110111111111111111, sa_flags=SA_RESTART|SA_SIGINFO
SIGUSR1: SIG_DFL, sa_mask[0]=00000000000000000000000000000000, sa_flags=SA_RESTART
SIGUSR2: [libjvm.dylib+0x48b452], sa_mask[0]=00000000000000000000000000000000, sa_flags=SA_RESTART|SA_SIGINFO
SIGHUP: [libjvm.dylib+0x489a1d], sa_mask[0]=11111111011111110111111111111111, sa_flags=SA_RESTART|SA_SIGINFO
SIGINT: [libjvm.dylib+0x489a1d], sa_mask[0]=11111111011111110111111111111111, sa_flags=SA_RESTART|SA_SIGINFO
SIGTERM: [libjvm.dylib+0x489a1d], sa_mask[0]=11111111011111110111111111111111, sa_flags=SA_RESTART|SA_SIGINFO
SIGQUIT: [libjvm.dylib+0x489a1d], sa_mask[0]=11111111011111110111111111111111, sa_flags=SA_RESTART|SA_SIGINFO


---------------  S Y S T E M  ---------------

OS:Bsduname:Darwin 19.3.0 Darwin Kernel Version 19.3.0: Thu Jan  9 20:58:23 PST 2020; root:xnu-6153.81.5~1/RELEASE_X86_64 x86_64
rlimit: STACK 8192k, CORE 0k, NPROC 2784, NOFILE 10240, AS infinity
load average:5.57 6.68 4.92

CPU:total 8 (initial active 8) (4 cores per cpu, 2 threads per core) family 6 model 142 stepping 10, cmov, cx8, fxsr, mmx, sse, sse2, sse3, ssse3, sse4.1, sse4.2, popcnt, avx, avx2, aes, clmul, erms, 3dnowpref, lzcnt, ht, tsc, tscinvbit, bmi1, bmi2, adx

Memory: 4k page, physical 16777216k(1275404k free)

/proc/meminfo:


vm_info: Java HotSpot(TM) 64-Bit Server VM (25.181-b13) for bsd-amd64 JRE (1.8.0_181-b13), built on Jul  7 2018 01:02:31 by "java_re" with gcc 4.2.1 (Based on Apple Inc. build 5658) (LLVM build 2336.11.00)

time: Fri Feb 21 18:17:59 2020
elapsed time: 753 seconds (0d 0h 12m 33s)

